{
  message: 'Database is connected successfully',
  level: 'info',
  label: 'Next-Level',
  timestamp: '2023-06-14T18:04:50.988Z'
}
{
  message: 'application listening on port 5000',
  level: 'info',
  label: 'Next-Level',
  timestamp: '2023-06-14T18:04:51.029Z'
}
{
  message: 'Database is connected successfully',
  level: 'info',
  label: 'Next-Level',
  timestamp: '2023-06-14T18:07:17.673Z'
}
{
  message: 'application listening on port 5000',
  level: 'info',
  label: 'Next-Level',
  timestamp: '2023-06-14T18:07:17.700Z'
}
{
  message: 'Database is connected successfully',
  level: 'info',
  label: 'Next-Level',
  timestamp: '2023-06-14T18:09:33.992Z'
}
{
  message: 'application listening on port 5000',
  level: 'info',
  label: 'Next-Level',
  timestamp: '2023-06-14T18:09:34.010Z'
}
{
  message: 'Database is connected successfully',
  level: 'info',
  label: 'Next-Level',
  timestamp: '2023-06-14T18:15:53.085Z'
}
{
  message: 'application listening on port 5000',
  level: 'info',
  label: 'Next-Level',
  timestamp: '2023-06-14T18:15:53.101Z'
}
{
  message: 'Database is connected successfully',
  level: 'info',
  label: 'Next-Level',
  timestamp: '2023-06-14T18:26:11.796Z'
}
{
  message: 'application listening on port 5000',
  level: 'info',
  label: 'Next-Level',
  timestamp: '2023-06-14T18:26:11.843Z'
}
{
  message: 'Database is connected successfully',
  level: 'info',
  label: 'Next-Level',
  timestamp: '2023-06-14T18:31:16.391Z'
}
{
  message: 'application listening on port 5000',
  level: 'info',
  label: 'Next-Level',
  timestamp: '2023-06-14T18:31:16.419Z'
}
{
  message: 'Database is connected successfully',
  level: 'info',
  label: 'Next-Level',
  timestamp: '2023-06-14T18:36:44.609Z'
}
{
  message: 'application listening on port 5000',
  level: 'info',
  label: 'Next-Level',
  timestamp: '2023-06-14T18:36:44.619Z'
}
{
  message: 'Database is connected successfully',
  level: 'info',
  label: 'Next-Level',
  timestamp: '2023-06-14T18:40:32.141Z'
}
{
  message: 'application listening on port 5000',
  level: 'info',
  label: 'Next-Level',
  timestamp: '2023-06-14T18:40:32.157Z'
}
{
  message: 'Database is connected successfully',
  level: 'info',
  label: 'Next-Level',
  timestamp: '2023-06-14T18:44:06.293Z'
}
{
  message: 'application listening on port 5000',
  level: 'info',
  label: 'Next-Level',
  timestamp: '2023-06-14T18:44:06.307Z'
}
{
  message: 'Database is connected successfully',
  level: 'info',
  label: 'Next-Level',
  timestamp: '2023-06-14T18:46:14.606Z'
}
{
  message: 'application listening on port 5000',
  level: 'info',
  label: 'Next-Level',
  timestamp: '2023-06-14T18:46:14.619Z'
}
{
  message: 'Database is connected successfully',
  level: 'info',
  label: 'Next-Level',
  timestamp: '2023-06-14T18:52:41.495Z'
}
{
  message: 'application listening on port 5000',
  level: 'info',
  label: 'Next-Level',
  timestamp: '2023-06-14T18:52:41.514Z'
}
