{
  message: 'Database is connected successfully',
  level: 'info',
  label: 'Next-Level',
  timestamp: '2023-06-14T19:09:00.030Z'
}
{
  message: 'application listening on port 5000',
  level: 'info',
  label: 'Next-Level',
  timestamp: '2023-06-14T19:09:00.043Z'
}
{
  message: 'Database is connected successfully',
  level: 'info',
  label: 'Next-Level',
  timestamp: '2023-06-14T19:12:11.307Z'
}
{
  message: 'application listening on port 5000',
  level: 'info',
  label: 'Next-Level',
  timestamp: '2023-06-14T19:12:11.325Z'
}
{
  message: 'Database is connected successfully',
  level: 'info',
  label: 'Next-Level',
  timestamp: '2023-06-14T19:21:50.323Z'
}
{
  message: 'application listening on port 5000',
  level: 'info',
  label: 'Next-Level',
  timestamp: '2023-06-14T19:21:50.341Z'
}
{
  message: 'Database is connected successfully',
  level: 'info',
  label: 'Next-Level',
  timestamp: '2023-06-14T19:33:00.010Z'
}
{
  message: 'application listening on port 5000',
  level: 'info',
  label: 'Next-Level',
  timestamp: '2023-06-14T19:33:00.022Z'
}
