{
  message: 'Database is connected successfully',
  level: 'info',
  label: 'Next-Level',
  timestamp: '2023-06-16T21:11:47.666Z'
}
{
  message: 'application listening on port 5000',
  level: 'info',
  label: 'Next-Level',
  timestamp: '2023-06-16T21:11:47.685Z'
}
{
  message: 'Database is connected successfully',
  level: 'info',
  label: 'Next-Level',
  timestamp: '2023-06-16T21:29:19.468Z'
}
{
  message: 'application listening on port 5000',
  level: 'info',
  label: 'Next-Level',
  timestamp: '2023-06-16T21:29:19.486Z'
}
{
  message: 'Database is connected successfully',
  level: 'info',
  label: 'Next-Level',
  timestamp: '2023-06-16T21:35:18.900Z'
}
{
  message: 'application listening on port 5000',
  level: 'info',
  label: 'Next-Level',
  timestamp: '2023-06-16T21:35:18.909Z'
}
