{
  message: 'Database is connected successfully',
  level: 'info',
  label: 'Next-Level',
  timestamp: '2023-06-10T12:36:14.594Z'
}
{
  message: 'application listening on port 5000',
  level: 'info',
  label: 'Next-Level',
  timestamp: '2023-06-10T12:36:14.621Z'
}
{
  message: 'Database is connected successfully',
  level: 'info',
  label: 'Next-Level',
  timestamp: '2023-06-10T12:37:49.015Z'
}
{
  message: 'application listening on port 5000',
  level: 'info',
  label: 'Next-Level',
  timestamp: '2023-06-10T12:37:49.042Z'
}
